<?xml version="1.0" encoding="UTF-8"?>
<testsuite xmlns:xsi="http://www.w3.org/2001/XMLSchema-instance" xsi:noNamespaceSchemaLocation="https://maven.apache.org/surefire/maven-surefire-plugin/xsd/surefire-test-report-3.0.xsd" version="3.0" name="com.gremio.controller.AuthControllerTest" time="10.235" tests="2" errors="0" skipped="0" failures="0">
  <properties>
[...]
</properties>
  <testcase name="login_exitoso" classname="com.gremio.controller.AuthControllerTest" time="0.263">
    <system-out><![CDATA[16:10:05.679 [main] INFO org.springframework.test.context.support.AnnotationConfigContextLoaderUtils -- Could not detect default configuration classes for test class [com.gremio.controller.AuthControllerTest]: AuthControllerTest does not declare any static, non-private, non-final, nested classes annotated with @Configuration.
16:10:05.880 [main] INFO org.springframework.boot.test.context.SpringBootTestContextBootstrapper -- Found @SpringBootConfiguration com.gremio.GremioApiApplication for test class com.gremio.controller.AuthControllerTest

  .   ____          _            __ _ _
 /\\ / ___'_ __ _ _(_)_ __  __ _ \ \ \ \
( ( )\___ | '_ | '_| | '_ \/ _` | \ \ \ \
 \\/  ___)| |_)| | | | | || (_| |  ) ) ) )
  '  |____| .__|_| |_|_| |_\__, | / / / /
 =========|_|==============|___/=/_/_/_/
 :: Spring Boot ::                (v3.2.5)

2025-09-02T16:10:06.472-05:00  INFO 14788 --- [           main] c.gremio.controller.AuthControllerTest   : Starting AuthControllerTest using Java 21.0.8 with PID 14788 (started by fabricio.galarza in C:\gremio-comercio\backend\gremio-api)
2025-09-02T16:10:06.473-05:00  INFO 14788 --- [           main] c.gremio.controller.AuthControllerTest   : No active profile set, falling back to 1 default profile: "default"
2025-09-02T16:10:07.513-05:00  INFO 14788 --- [           main] .s.d.r.c.RepositoryConfigurationDelegate : Bootstrapping Spring Data JPA repositories in DEFAULT mode.
2025-09-02T16:10:07.598-05:00  INFO 14788 --- [           main] .s.d.r.c.RepositoryConfigurationDelegate : Finished Spring Data repository scanning in 72 ms. Found 3 JPA repository interfaces.
2025-09-02T16:10:10.132-05:00  INFO 14788 --- [           main] o.hibernate.jpa.internal.util.LogHelper  : HHH000204: Processing PersistenceUnitInfo [name: default]
2025-09-02T16:10:10.301-05:00  INFO 14788 --- [           main] org.hibernate.Version                    : HHH000412: Hibernate ORM core version 6.4.4.Final
2025-09-02T16:10:10.394-05:00  INFO 14788 --- [           main] o.h.c.internal.RegionFactoryInitiator    : HHH000026: Second-level cache disabled
2025-09-02T16:10:10.625-05:00  INFO 14788 --- [           main] o.s.o.j.p.SpringPersistenceUnitInfo      : No LoadTimeWeaver setup: ignoring JPA class transformer
2025-09-02T16:10:10.672-05:00  INFO 14788 --- [           main] com.zaxxer.hikari.HikariDataSource       : HikariPool-1 - Starting...
2025-09-02T16:10:11.186-05:00  INFO 14788 --- [           main] com.zaxxer.hikari.pool.HikariPool        : HikariPool-1 - Added connection oracle.jdbc.driver.T4CConnection@64d93096
2025-09-02T16:10:11.190-05:00  INFO 14788 --- [           main] com.zaxxer.hikari.HikariDataSource       : HikariPool-1 - Start completed.
2025-09-02T16:10:11.564-05:00  WARN 14788 --- [           main] org.hibernate.orm.deprecation            : HHH90000025: OracleDialect does not need to be specified explicitly using 'hibernate.dialect' (remove the property setting and it will be selected by default)
2025-09-02T16:10:12.945-05:00  INFO 14788 --- [           main] o.h.e.t.j.p.i.JtaPlatformInitiator       : HHH000489: No JTA platform available (set 'hibernate.transaction.jta.platform' to enable JTA platform integration)
2025-09-02T16:10:13.529-05:00  INFO 14788 --- [           main] j.LocalContainerEntityManagerFactoryBean : Initialized JPA EntityManagerFactory for persistence unit 'default'
2025-09-02T16:10:14.247-05:00  WARN 14788 --- [           main] JpaBaseConfiguration$JpaWebConfiguration : spring.jpa.open-in-view is enabled by default. Therefore, database queries may be performed during view rendering. Explicitly configure spring.jpa.open-in-view to disable this warning
2025-09-02T16:10:14.807-05:00  INFO 14788 --- [           main] o.s.s.web.DefaultSecurityFilterChain     : Will secure any request with [org.springframework.security.web.session.DisableEncodeUrlFilter@688e6d4e, org.springframework.security.web.context.request.async.WebAsyncManagerIntegrationFilter@63513c1c, org.springframework.security.web.context.SecurityContextHolderFilter@254a9f65, org.springframework.security.web.header.HeaderWriterFilter@7be2f512, org.springframework.web.filter.CorsFilter@5b256ab5, org.springframework.security.web.authentication.logout.LogoutFilter@4676fcd9, com.gremio.security.JwtFilter@3dfaa1e4, org.springframework.security.web.savedrequest.RequestCacheAwareFilter@50c20b15, org.springframework.security.web.servletapi.SecurityContextHolderAwareRequestFilter@6dcf39c6, org.springframework.security.web.authentication.AnonymousAuthenticationFilter@2a2cdba0, org.springframework.security.web.session.SessionManagementFilter@2ab40d2d, org.springframework.security.web.access.ExceptionTranslationFilter@1bb21ec1, org.springframework.security.web.access.intercept.AuthorizationFilter@4dbeae45]
2025-09-02T16:10:15.221-05:00  WARN 14788 --- [           main] o.s.s.c.a.web.builders.WebSecurity       : You are asking Spring Security to ignore Ant [pattern='/api/auth/**']. This is not recommended -- please use permitAll via HttpSecurity#authorizeHttpRequests instead.
2025-09-02T16:10:15.221-05:00  INFO 14788 --- [           main] o.s.s.web.DefaultSecurityFilterChain     : Will not secure Ant [pattern='/api/auth/**']
2025-09-02T16:10:15.324-05:00  INFO 14788 --- [           main] o.s.b.t.m.w.SpringBootMockServletContext : Initializing Spring TestDispatcherServlet ''
2025-09-02T16:10:15.324-05:00  INFO 14788 --- [           main] o.s.t.web.servlet.TestDispatcherServlet  : Initializing Servlet ''
2025-09-02T16:10:15.326-05:00  INFO 14788 --- [           main] o.s.t.web.servlet.TestDispatcherServlet  : Completed initialization in 1 ms
2025-09-02T16:10:15.369-05:00  INFO 14788 --- [           main] c.gremio.controller.AuthControllerTest   : Started AuthControllerTest in 9.21 seconds (process running for 10.739)
login authController
]]></system-out>
    <system-err><![CDATA[WARNING: A Java agent has been loaded dynamically (C:\Users\fabricio.galarza\.m2\repository\net\bytebuddy\byte-buddy-agent\1.14.13\byte-buddy-agent-1.14.13.jar)
WARNING: If a serviceability tool is in use, please run with -XX:+EnableDynamicAgentLoading to hide this warning
WARNING: If a serviceability tool is not in use, please run with -Djdk.instrument.traceUsage for more information
WARNING: Dynamic loading of agents will be disallowed by default in a future release
]]></system-err>
  </testcase>
  <testcase name="login_fallido" classname="com.gremio.controller.AuthControllerTest" time="0.01">
    <system-out><![CDATA[login authController
]]></system-out>
  </testcase>
</testsuite>